Determining if the pthread_create exist failed with the following output:
Change Dir: /home/gishr/software/px4/slam_dev/x86_stable/cmake-build-debug/CMakeFiles/CMakeTmp

Run Build Command:"/usr/bin/make" "cmTC_8c75b/fast"
/usr/bin/make -f CMakeFiles/cmTC_8c75b.dir/build.make CMakeFiles/cmTC_8c75b.dir/build
make[1]: Entering directory '/home/gishr/software/px4/slam_dev/x86_stable/cmake-build-debug/CMakeFiles/CMakeTmp'
Building C object CMakeFiles/cmTC_8c75b.dir/CheckSymbolExists.c.o
/usr/bin/cc   -fPIC    -o CMakeFiles/cmTC_8c75b.dir/CheckSymbolExists.c.o   -c /home/gishr/software/px4/slam_dev/x86_stable/cmake-build-debug/CMakeFiles/CMakeTmp/CheckSymbolExists.c
Linking C executable cmTC_8c75b
/home/gishr/Downloads/clion-2018.3.3/bin/cmake/linux/bin/cmake -E cmake_link_script CMakeFiles/cmTC_8c75b.dir/link.txt --verbose=1
/usr/bin/cc -fPIC     -rdynamic CMakeFiles/cmTC_8c75b.dir/CheckSymbolExists.c.o  -o cmTC_8c75b 
CMakeFiles/cmTC_8c75b.dir/CheckSymbolExists.c.o: In function `main':
CheckSymbolExists.c:(.text+0x1b): undefined reference to `pthread_create'
collect2: error: ld returned 1 exit status
CMakeFiles/cmTC_8c75b.dir/build.make:86: recipe for target 'cmTC_8c75b' failed
make[1]: *** [cmTC_8c75b] Error 1
make[1]: Leaving directory '/home/gishr/software/px4/slam_dev/x86_stable/cmake-build-debug/CMakeFiles/CMakeTmp'
Makefile:121: recipe for target 'cmTC_8c75b/fast' failed
make: *** [cmTC_8c75b/fast] Error 2

File /home/gishr/software/px4/slam_dev/x86_stable/cmake-build-debug/CMakeFiles/CMakeTmp/CheckSymbolExists.c:
/* */
#include <pthread.h>

int main(int argc, char** argv)
{
  (void)argv;
#ifndef pthread_create
  return ((int*)(&pthread_create))[argc];
#else
  (void)argc;
  return 0;
#endif
}

Determining if the function pthread_create exists in the pthreads failed with the following output:
Change Dir: /home/gishr/software/px4/slam_dev/x86_stable/cmake-build-debug/CMakeFiles/CMakeTmp

Run Build Command:"/usr/bin/make" "cmTC_5b402/fast"
/usr/bin/make -f CMakeFiles/cmTC_5b402.dir/build.make CMakeFiles/cmTC_5b402.dir/build
make[1]: Entering directory '/home/gishr/software/px4/slam_dev/x86_stable/cmake-build-debug/CMakeFiles/CMakeTmp'
Building C object CMakeFiles/cmTC_5b402.dir/CheckFunctionExists.c.o
/usr/bin/cc   -fPIC -DCHECK_FUNCTION_EXISTS=pthread_create   -o CMakeFiles/cmTC_5b402.dir/CheckFunctionExists.c.o   -c /home/gishr/Downloads/clion-2018.3.3/bin/cmake/linux/share/cmake-3.13/Modules/CheckFunctionExists.c
Linking C executable cmTC_5b402
/home/gishr/Downloads/clion-2018.3.3/bin/cmake/linux/bin/cmake -E cmake_link_script CMakeFiles/cmTC_5b402.dir/link.txt --verbose=1
/usr/bin/cc -fPIC -DCHECK_FUNCTION_EXISTS=pthread_create    -rdynamic CMakeFiles/cmTC_5b402.dir/CheckFunctionExists.c.o  -o cmTC_5b402 -lpthreads 
/usr/bin/ld: cannot find -lpthreads
collect2: error: ld returned 1 exit status
CMakeFiles/cmTC_5b402.dir/build.make:86: recipe for target 'cmTC_5b402' failed
make[1]: *** [cmTC_5b402] Error 1
make[1]: Leaving directory '/home/gishr/software/px4/slam_dev/x86_stable/cmake-build-debug/CMakeFiles/CMakeTmp'
Makefile:121: recipe for target 'cmTC_5b402/fast' failed
make: *** [cmTC_5b402/fast] Error 2


